2025-11-20 14:01:59.829362 - User: usert - Path: /
2025-11-20 14:02:12.734421 - User: usert - Path: /admin/
2025-11-20 14:02:12.756821 - User: usert - Path: /admin/login/
2025-11-20 14:02:18.603624 - User: usert - Path: /admin/login/
2025-11-20 14:02:27.653875 - User: usert - Path: /admin/login/
2025-11-20 14:02:29.266063 - User: admin - Path: /admin/
2025-11-20 14:16:11.073384 - User: admin - Path: /
2025-11-20 14:16:20.298063 - User: admin - Path: /api/
2025-11-20 14:46:51.125209 - User: admin - Path: /
2025-11-20 20:21:08.088814 - User: usert - Path: /
2025-11-20 20:22:46.091080 - User: usert - Path: /api/messages/
2025-11-20 20:23:58.428496 - User: usert - Path: /api/auth/token/
2025-11-20 20:24:22.571598 - User: usert - Path: /api/messages/
2025-11-20 20:24:33.578816 - User: usert - Path: /api/messages/
2025-11-20 20:27:29.623273 - User: usert - Path: /api/messages/
2025-11-20 20:28:18.553990 - User: usert - Path: /api/messages/
2025-11-20 20:29:42.076692 - User: usert - Path: /api/auth/token/
2025-11-20 20:30:53.429330 - User: usert - Path: /api/messages/
2025-11-20 20:31:13.140877 - User: usert - Path: /api/messages/
2025-11-20 20:31:14.712913 - User: usert - Path: /api/messages/
2025-11-20 20:31:29.318055 - User: usert - Path: /api/messages/
2025-11-20 20:31:30.804482 - User: usert - Path: /api/messages/
2025-11-20 20:32:57.929040 - User: usert - Path: /api/messages/
2025-11-20 20:33:04.774814 - User: usert - Path: /api/messages/
2025-11-20 20:33:10.672554 - User: usert - Path: /api/messages/
2025-11-20 20:33:21.431538 - User: usert - Path: /api/messages/
2025-11-20 20:34:54.311514 - User: usert - Path: /api/conversations/
2025-11-20 20:35:22.629916 - User: usert - Path: /api/conversations/
2025-11-20 20:36:39.730486 - User: usert - Path: /api/conversations/
2025-11-20 20:36:50.088181 - User: usert - Path: /api/messages/
2025-11-20 20:36:51.919457 - User: usert - Path: /api/messages/
2025-11-20 20:36:55.276625 - User: usert - Path: /api/messages/
2025-11-20 20:37:03.595598 - User: usert - Path: /api/messages/
2025-11-20 20:37:38.391993 - User: usert - Path: /api/
2025-11-20 20:37:50.361957 - User: usert - Path: /api/
2025-11-20 20:37:53.759330 - User: usert - Path: /api/
2025-11-20 20:37:56.354309 - User: usert - Path: /api/
2025-11-20 20:37:59.775064 - User: usert - Path: /
2025-11-20 20:40:05.903604 - User: usert - Path: /api/users/
2025-11-20 20:40:06.004478 - User: usert - Path: /favicon.ico
2025-11-20 20:40:26.028698 - User: usert - Path: /api/auth/token/
2025-11-20 20:40:52.898915 - User: usert - Path: /api/conversations/
2025-11-20 20:41:18.871238 - User: usert - Path: /api/messages/
2025-11-20 20:41:36.299745 - User: usert - Path: /api/messages/
2025-11-20 20:41:38.165488 - User: usert - Path: /api/messages/
2025-11-20 20:41:39.663004 - User: usert - Path: /api/messages/
2025-11-20 20:41:41.347343 - User: usert - Path: /api/messages/
2025-11-20 21:43:00.973459 - User: usert - Path: /
2025-11-20 21:43:29.266063 - User: admin - Path: /admin/
2025-11-20 21:43:32.756821 - User: usert - Path: /admin/login/
2025-11-20 21:43:38.603624 - User: usert - Path: /admin/login/
2025-11-20 21:43:44.653875 - User: usert - Path: /admin/login/
2025-11-20 21:45:29.266063 - User: admin - Path: /admin/
2025-11-20 21:45:55.849092 - User: usert - Path: /
2025-11-20 21:46:01.330733 - User: usert - Path: /

